<?xml version="1.0" encoding="UTF-8"?>
<!-- Generated by org.testng.reporters.JUnitReportReporter -->
<testsuite skipped="0" hostname="LAPTOP-2UATULQH" name="com.mycompany.tests.LoginTest" tests="1" failures="0" timestamp="13 Nov 2019 02:38:06 GMT" time="50.707" errors="0">
  <testcase name="myTest" time="50.707" classname="com.mycompany.tests.LoginTest"/>
</testsuite> <!-- com.mycompany.tests.LoginTest -->
