<?xml version="1.0" encoding="UTF-8"?>
<!-- Generated by org.testng.reporters.JUnitReportReporter -->
<testsuite skipped="0" hostname="LAPTOP-2UATULQH" name="com.mycompany.tests.LoginTest" tests="1" failures="0" timestamp="14 Nov 2019 03:51:08 GMT" time="29.834" errors="0">
  <testcase name="myTest" time="29.834" classname="com.mycompany.tests.LoginTest"/>
</testsuite> <!-- com.mycompany.tests.LoginTest -->
